Creating AppDir for Student_Frontend...
Building AppImage for Student_Frontend...
appimagetool, continuous build (commit 5735cc5), build <local dev build> built on 2023-03-08 22:52:04 UTC
Using architecture x86_64
WARNING: AppStream upstream metadata is missing, please consider creating it
         in usr/share/metainfo/Student_Frontend.appdata.xml
         Please see https://www.freedesktop.org/software/appstream/docs/chap-Quickstart.html#sect-Quickstart-DesktopApps
         for more information or use the generator at http://output.jsbin.com/qoqukof.
Generating squashfs...
Parallel mksquashfs: Using 12 processors
Creating 4.0 filesystem on Student_Frontend-x86_64.AppImage, block size 131072.
[===============================================================\] 426/426 100%

Exportable Squashfs 4.0 filesystem, gzip compressed, data block size 131072
	compressed data, compressed metadata, compressed fragments,
	compressed xattrs, compressed ids
	duplicates are removed
Filesystem size 18861.56 Kbytes (18.42 Mbytes)
	35.79% of uncompressed filesystem size (52699.17 Kbytes)
Inode table size 1601 bytes (1.56 Kbytes)
	56.81% of uncompressed inode table size (2818 bytes)
Directory table size 537 bytes (0.52 Kbytes)
	61.72% of uncompressed directory table size (870 bytes)
Number of duplicate files found 1
Number of inodes 36
Number of files 20
Number of fragments 2
Number of symbolic links  1
Number of device nodes 0
Number of fifo nodes 0
Number of socket nodes 0
Number of directories 15
Number of ids (unique uids + gids) 1
Number of uids 1
	root (0)
Number of gids 1
	root (0)
Embedding ELF...
Marking the AppImage as executable...
Embedding MD5 digest
Success

Please consider submitting your AppImage to AppImageHub, the crowd-sourced
central directory of available AppImages, by opening a pull request
at https://github.com/AppImage/appimage.github.io
/home/sanjai/Desktop/Projects/College/club/Attendance/ETE_STUDENT_BACKEND/Student_Frontend.AppDir should be packaged as Student_Frontend-x86_64.AppImage
Creating AppDir for Admin_Frontend...
Building AppImage for Admin_Frontend...
appimagetool, continuous build (commit 5735cc5), build <local dev build> built on 2023-03-08 22:52:04 UTC
Using architecture x86_64
WARNING: AppStream upstream metadata is missing, please consider creating it
         in usr/share/metainfo/Admin_Frontend.appdata.xml
         Please see https://www.freedesktop.org/software/appstream/docs/chap-Quickstart.html#sect-Quickstart-DesktopApps
         for more information or use the generator at http://output.jsbin.com/qoqukof.
Generating squashfs...
Parallel mksquashfs: Using 12 processors
Creating 4.0 filesystem on Admin_Frontend-x86_64.AppImage, block size 131072.
[===============================================================-] 429/429 100%

Exportable Squashfs 4.0 filesystem, gzip compressed, data block size 131072
	compressed data, compressed metadata, compressed fragments,
	compressed xattrs, compressed ids
	duplicates are removed
Filesystem size 18996.57 Kbytes (18.55 Mbytes)
	35.80% of uncompressed filesystem size (53067.17 Kbytes)
Inode table size 1604 bytes (1.57 Kbytes)
	56.72% of uncompressed inode table size (2828 bytes)
Directory table size 534 bytes (0.52 Kbytes)
	61.66% of uncompressed directory table size (866 bytes)
Number of duplicate files found 1
Number of inodes 36
Number of files 20
Number of fragments 2
Number of symbolic links  1
Number of device nodes 0
Number of fifo nodes 0
Number of socket nodes 0
Number of directories 15
Number of ids (unique uids + gids) 1
Number of uids 1
	root (0)
Number of gids 1
	root (0)
Embedding ELF...
Marking the AppImage as executable...
Embedding MD5 digest
Success

Please consider submitting your AppImage to AppImageHub, the crowd-sourced
central directory of available AppImages, by opening a pull request
at https://github.com/AppImage/appimage.github.io
/home/sanjai/Desktop/Projects/College/club/Attendance/ETE_STUDENT_BACKEND/Admin_Frontend.AppDir should be packaged as Admin_Frontend-x86_64.AppImage
Done packaging AppImages.
